<?xml version="1.0" encoding="UTF-8"?>
<!-- Generated by org.testng.reporters.JUnitReportReporter -->
<testsuite hostname="DESKTOP-I5RB4A6" failures="0" tests="1" name="Vtigeroorgnmoduletest.CreateOragnitionstest" time="14.578" errors="0" timestamp="2023-03-25T17:06:37 IST" skipped="0">
  <testcase classname="Vtigeroorgnmoduletest.CreateOragnitionstest" name="CreOrg" time="14.578"/>
  <system-out/>
</testsuite> <!-- Vtigeroorgnmoduletest.CreateOragnitionstest -->
