<?xml version="1.0" encoding="UTF-8"?>
<!-- Generated by org.testng.reporters.JUnitReportReporter -->
<testsuite hostname="DESKTOP-I5RB4A6" failures="0" tests="3" name="practice.DataProvidPractiesTest" time="0.013" errors="0" timestamp="2023-03-17T16:55:02 IST" skipped="0">
  <testcase classname="practice.DataProvidPractiesTest" name="adddata" time="0.010"/>
  <system-out/>
  <testcase classname="practice.DataProvidPractiesTest" name="adddata" time="0.001"/>
  <system-out/>
  <testcase classname="practice.DataProvidPractiesTest" name="adddata" time="0.002"/>
  <system-out/>
</testsuite> <!-- practice.DataProvidPractiesTest -->
