<?xml version="1.0" encoding="UTF-8"?>
<!-- Generated by org.testng.reporters.JUnitReportReporter -->
<testsuite hostname="DESKTOP-I5RB4A6" failures="0" tests="1" name="practice.ReadDataFromMvnCommend" time="0.012" errors="0" timestamp="2023-03-20T12:43:03 IST" skipped="0">
  <testcase classname="practice.ReadDataFromMvnCommend" name="readData" time="0.012"/>
  <system-out/>
</testsuite> <!-- practice.ReadDataFromMvnCommend -->
